2021-08-05T12:30:31.585Z - normal: Load ~/.CocosCreator/settings.json
2021-08-05T12:30:31.630Z - normal: Initializing Asset Database
2021-08-05T12:30:31.632Z - normal: checking language setting...
2021-08-05T12:30:31.632Z - normal: Language: en
2021-08-05T12:30:32.116Z - success: preview server running at http://localhost:7456
2021-08-05T12:30:32.126Z - success: protocol editor-framework registered
2021-08-05T12:30:32.126Z - success: protocol app registered
2021-08-05T12:30:32.126Z - success: protocol theme registered
2021-08-05T12:30:32.126Z - success: protocol packages registered
2021-08-05T12:30:32.127Z - success: protocol uuid registerred
2021-08-05T12:30:32.127Z - success: protocol db registerred
2021-08-05T12:30:32.127Z - success: protocol thumbnail registerred
2021-08-05T12:30:32.127Z - success: protocol unpack registerred
2021-08-05T12:30:32.127Z - success: protocol disable-commonjs registerred
2021-08-05T12:30:33.435Z - normal: connected!
2021-08-05T12:30:33.436Z - normal: Check project /Users/serdarakay/NewProject
2021-08-05T12:30:33.437Z - normal: Initializing project /Users/serdarakay/NewProject
2021-08-05T12:30:33.708Z - normal: Initializing Cocos2d
2021-08-05T12:30:34.124Z - normal: Initializing engine extends
2021-08-05T12:30:34.207Z - success: adapters loaded
2021-08-05T12:30:34.238Z - success: asset-db-debugger loaded
2021-08-05T12:30:34.315Z - success: fb-audience-network loaded
2021-08-05T12:30:34.350Z - success: fb-live-stream loaded
2021-08-05T12:30:34.353Z - success: google-play-instant loaded
2021-08-05T12:30:34.358Z - success: huawei-runtime loaded
2021-08-05T12:30:34.547Z - success: cpk-publish loaded
2021-08-05T12:30:34.548Z - success: jsb-adapter loaded
2021-08-05T12:30:34.553Z - success: oppo-runtime loaded
2021-08-05T12:30:34.589Z - success: package-manager loaded
2021-08-05T12:30:34.592Z - success: runtime-dev-tools loaded
2021-08-05T12:30:34.621Z - success: sdkbox loaded
2021-08-05T12:30:34.650Z - success: ui-kit-preview-extra loaded
2021-08-05T12:30:34.674Z - success: ui-kit-preview loaded
2021-08-05T12:30:34.679Z - success: vivo-runtime loaded
2021-08-05T12:30:34.682Z - success: alipay-minigame loaded
2021-08-05T12:30:34.745Z - success: assets loaded
2021-08-05T12:30:34.748Z - success: baidugame-opendata loaded
2021-08-05T12:30:34.750Z - success: baidugame loaded
2021-08-05T12:30:34.774Z - success: builder loaded
2021-08-05T12:30:34.952Z - success: cocos-services loaded
2021-08-05T12:30:34.976Z - success: console loaded
2021-08-05T12:30:34.985Z - success: fb-instant-games loaded
2021-08-05T12:30:35.007Z - success: game-window loaded
2021-08-05T12:30:35.008Z - success: google-instant-games loaded
2021-08-05T12:30:35.035Z - success: hierarchy loaded
2021-08-05T12:30:35.063Z - success: inspector loaded
2021-08-05T12:30:35.064Z - success: keystore loaded
2021-08-05T12:30:35.091Z - success: node-library loaded
2021-08-05T12:30:35.092Z - success: open-recent-items loaded
2021-08-05T12:30:35.093Z - success: package-asset loaded
2021-08-05T12:30:35.095Z - success: preferences loaded
2021-08-05T12:30:35.119Z - success: project-exporter loaded
2021-08-05T12:30:35.144Z - success: project-importer loaded
2021-08-05T12:30:35.172Z - success: project-settings loaded
2021-08-05T12:30:35.199Z - success: scene loaded
2021-08-05T12:30:35.201Z - success: simulator-debugger loaded
2021-08-05T12:30:35.201Z - success: sprite-editor loaded
2021-08-05T12:30:35.230Z - success: store loaded
2021-08-05T12:30:35.262Z - success: timeline loaded
2021-08-05T12:30:35.266Z - success: wechatgame-opendata loaded
2021-08-05T12:30:35.271Z - success: wechatgame loaded
2021-08-05T12:30:35.276Z - success: xiaomi-runtime loaded
2021-08-05T12:30:35.764Z - normal: Loading packages
2021-08-05T12:30:35.769Z - normal: Watching packages
2021-08-05T12:30:35.838Z - normal: Run Application
2021-08-05T12:30:39.722Z - info: Cocos Services load base data!
2021-08-05T12:59:35.812Z - warn: /Users/serdarakay/NewProject/build not exists!
2021-08-05T12:59:38.589Z - warn: /Users/serdarakay/NewProject/build not exists!
2021-08-05T13:00:00.504Z - error: scene not saved. Please build project after saveing project.
    at eval (/Applications/CocosCreator.app/Contents/Resources/app.asar/editor/builtin/builder/panel/builder.js:1:8454)
    at EventEmitter.<anonymous> (/Applications/CocosCreator.app/Contents/Resources/app.asar/editor-framework/lib/renderer/ipc.js:1:3788)
    at EventEmitter.emit (events.js:194:13)
2021-08-05T13:00:13.429Z - normal: Start building with options : {
  "actualPlatform": "web-mobile",
  "android": {
    "packageName": "org.cocos2d.helloworld"
  },
  "android-instant": {
    "REMOTE_SERVER_ROOT": "",
    "host": "",
    "packageName": "org.cocos2d.helloworld",
    "pathPattern": "",
    "recordPath": "",
    "scheme": "https",
    "skipRecord": false
  },
  "apiLevel": "",
  "appABIs": [],
  "appBundle": false,
  "buildPath": "/Users/serdarakay/NewProject/build",
  "debug": false,
  "dest": "/Users/serdarakay/NewProject/build/web-mobile",
  "embedWebDebugger": false,
  "encryptJs": true,
  "excludeScenes": [],
  "excludedModules": [],
  "fb-instant-games": {},
  "includeSDKBox": false,
  "inlineSpriteFrames": true,
  "inlineSpriteFrames_native": true,
  "ios": {
    "packageName": "org.cocos2d.helloworld"
  },
  "mac": {
    "packageName": "org.cocos2d.helloworld"
  },
  "md5Cache": false,
  "mergeStartScene": false,
  "optimizeHotUpdate": false,
  "orientation": {
    "landscapeLeft": true,
    "landscapeRight": true,
    "portrait": false,
    "upsideDown": false
  },
  "packageName": "org.cocos2d.helloworld",
  "platform": "web-mobile",
  "previewHeight": "720",
  "previewWidth": "1280",
  "scenes": [
    "2d2f792f-a40c-49bb-a189-ed176a246e49"
  ],
  "sourceMaps": false,
  "startScene": "2d2f792f-a40c-49bb-a189-ed176a246e49",
  "template": "link",
  "title": "GD-Instructions-game",
  "useDebugKeystore": true,
  "vsVersion": "auto",
  "webOrientation": "auto",
  "win32": {},
  "xxteaKey": "e923e545-05a0-4c",
  "zipCompressJs": true,
  "project": "/Users/serdarakay/NewProject",
  "projectName": "GD-Instructions-game",
  "debugBuildWorker": false
}
2021-08-05T13:00:13.430Z - normal: Building /Users/serdarakay/NewProject
2021-08-05T13:00:13.431Z - normal: Destination /Users/serdarakay/NewProject/build/web-mobile
2021-08-05T13:00:13.502Z - normal: Delete /Users/serdarakay/NewProject/build/web-mobile/subpackages/**/*,/Users/serdarakay/NewProject/build/web-mobile/**/*
2021-08-05T13:00:45.704Z - normal: Start building assets
2021-08-05T13:00:45.705Z - normal: Start spawn build-worker
2021-08-05T13:00:46.079Z - normal: Finish spawn build-worker
2021-08-05T13:00:46.079Z - normal: Start init build-worker
2021-08-05T13:00:47.753Z - normal: Finish init build-worker
2021-08-05T13:00:47.753Z - normal: Start build-assets in worker
2021-08-05T13:00:47.979Z - normal: Finish build-assets in worker
2021-08-05T13:00:47.982Z - normal: Finish building assets
2021-08-05T13:00:47.990Z - normal: Start building plugin scripts
2021-08-05T13:00:48.033Z - normal: Generating main.js from /Applications/CocosCreator.app/Contents/Resources/static/build-templates/shares/main.js
2021-08-05T13:00:48.044Z - normal: Generating html from /Applications/CocosCreator.app/Contents/Resources/static/build-templates/web-mobile/template/index.html
2021-08-05T13:00:48.065Z - normal: Built to "/Users/serdarakay/NewProject/build/web-mobile" successfully
